Performing C SOURCE FILE Test CMAKE_HAVE_LIBC_PTHREAD failed with the following output:
Change Dir: /home/alex/mst/cugraph/cpp/build/CMakeFiles/CMakeScratch/TryCompile-JvN4rq

Run Build Command(s):/usr/bin/gmake -f Makefile cmTC_93efb/fast && /usr/bin/gmake  -f CMakeFiles/cmTC_93efb.dir/build.make CMakeFiles/cmTC_93efb.dir/build
gmake[1]: Entering directory '/data/home/alex/mst/cugraph/cpp/build/CMakeFiles/CMakeScratch/TryCompile-JvN4rq'
Building C object CMakeFiles/cmTC_93efb.dir/src.c.o
/home/waf13/anaconda3/envs/cugraph_dev/bin/x86_64-conda-linux-gnu-cc -DCMAKE_HAVE_LIBC_PTHREAD  -march=nocona -mtune=haswell -ftree-vectorize -fPIC -fstack-protector-strong -fno-plt -O2 -ffunction-sections -pipe -isystem /home/waf13/anaconda3/envs/cugraph_dev/include  -o CMakeFiles/cmTC_93efb.dir/src.c.o -c /home/alex/mst/cugraph/cpp/build/CMakeFiles/CMakeScratch/TryCompile-JvN4rq/src.c
Linking C executable cmTC_93efb
/home/waf13/anaconda3/envs/cugraph_dev/bin/cmake -E cmake_link_script CMakeFiles/cmTC_93efb.dir/link.txt --verbose=1
/home/waf13/anaconda3/envs/cugraph_dev/bin/x86_64-conda-linux-gnu-cc -march=nocona -mtune=haswell -ftree-vectorize -fPIC -fstack-protector-strong -fno-plt -O2 -ffunction-sections -pipe -isystem /home/waf13/anaconda3/envs/cugraph_dev/include  -Wl,-O2 -Wl,--sort-common -Wl,--as-needed -Wl,-z,relro -Wl,-z,now -Wl,--disable-new-dtags -Wl,--gc-sections -Wl,--allow-shlib-undefined -Wl,-rpath,/home/waf13/anaconda3/envs/cugraph_dev/lib -Wl,-rpath-link,/home/waf13/anaconda3/envs/cugraph_dev/lib -L/home/waf13/anaconda3/envs/cugraph_dev/lib  CMakeFiles/cmTC_93efb.dir/src.c.o -o cmTC_93efb 
/home/waf13/anaconda3/envs/cugraph_dev/bin/../lib/gcc/x86_64-conda-linux-gnu/10.4.0/../../../../x86_64-conda-linux-gnu/bin/ld: CMakeFiles/cmTC_93efb.dir/src.c.o: in function `main':
src.c:(.text.startup.main+0x24): undefined reference to `pthread_create'
/home/waf13/anaconda3/envs/cugraph_dev/bin/../lib/gcc/x86_64-conda-linux-gnu/10.4.0/../../../../x86_64-conda-linux-gnu/bin/ld: src.c:(.text.startup.main+0x2e): undefined reference to `pthread_detach'
/home/waf13/anaconda3/envs/cugraph_dev/bin/../lib/gcc/x86_64-conda-linux-gnu/10.4.0/../../../../x86_64-conda-linux-gnu/bin/ld: src.c:(.text.startup.main+0x38): undefined reference to `pthread_cancel'
/home/waf13/anaconda3/envs/cugraph_dev/bin/../lib/gcc/x86_64-conda-linux-gnu/10.4.0/../../../../x86_64-conda-linux-gnu/bin/ld: src.c:(.text.startup.main+0x44): undefined reference to `pthread_join'
/home/waf13/anaconda3/envs/cugraph_dev/bin/../lib/gcc/x86_64-conda-linux-gnu/10.4.0/../../../../x86_64-conda-linux-gnu/bin/ld: src.c:(.text.startup.main+0x50): undefined reference to `pthread_atfork'
collect2: error: ld returned 1 exit status
gmake[1]: *** [CMakeFiles/cmTC_93efb.dir/build.make:99: cmTC_93efb] Error 1
gmake[1]: Leaving directory '/data/home/alex/mst/cugraph/cpp/build/CMakeFiles/CMakeScratch/TryCompile-JvN4rq'
gmake: *** [Makefile:127: cmTC_93efb/fast] Error 2


Source file was:
#include <pthread.h>

static void* test_func(void* data)
{
  return data;
}

int main(void)
{
  pthread_t thread;
  pthread_create(&thread, NULL, test_func, NULL);
  pthread_detach(thread);
  pthread_cancel(thread);
  pthread_join(thread, NULL);
  pthread_atfork(NULL, NULL, NULL);
  pthread_exit(NULL);

  return 0;
}


Determining if the function pthread_create exists in the pthreads failed with the following output:
Change Dir: /home/alex/mst/cugraph/cpp/build/CMakeFiles/CMakeScratch/TryCompile-PfZFLL

Run Build Command(s):/usr/bin/gmake -f Makefile cmTC_4c601/fast && /usr/bin/gmake  -f CMakeFiles/cmTC_4c601.dir/build.make CMakeFiles/cmTC_4c601.dir/build
gmake[1]: Entering directory '/data/home/alex/mst/cugraph/cpp/build/CMakeFiles/CMakeScratch/TryCompile-PfZFLL'
Building C object CMakeFiles/cmTC_4c601.dir/CheckFunctionExists.c.o
/home/waf13/anaconda3/envs/cugraph_dev/bin/x86_64-conda-linux-gnu-cc   -march=nocona -mtune=haswell -ftree-vectorize -fPIC -fstack-protector-strong -fno-plt -O2 -ffunction-sections -pipe -isystem /home/waf13/anaconda3/envs/cugraph_dev/include -DCHECK_FUNCTION_EXISTS=pthread_create -o CMakeFiles/cmTC_4c601.dir/CheckFunctionExists.c.o -c /home/alex/mst/cugraph/cpp/build/CMakeFiles/CMakeScratch/TryCompile-PfZFLL/CheckFunctionExists.c
Linking C executable cmTC_4c601
/home/waf13/anaconda3/envs/cugraph_dev/bin/cmake -E cmake_link_script CMakeFiles/cmTC_4c601.dir/link.txt --verbose=1
/home/waf13/anaconda3/envs/cugraph_dev/bin/x86_64-conda-linux-gnu-cc -march=nocona -mtune=haswell -ftree-vectorize -fPIC -fstack-protector-strong -fno-plt -O2 -ffunction-sections -pipe -isystem /home/waf13/anaconda3/envs/cugraph_dev/include -DCHECK_FUNCTION_EXISTS=pthread_create -Wl,-O2 -Wl,--sort-common -Wl,--as-needed -Wl,-z,relro -Wl,-z,now -Wl,--disable-new-dtags -Wl,--gc-sections -Wl,--allow-shlib-undefined -Wl,-rpath,/home/waf13/anaconda3/envs/cugraph_dev/lib -Wl,-rpath-link,/home/waf13/anaconda3/envs/cugraph_dev/lib -L/home/waf13/anaconda3/envs/cugraph_dev/lib  CMakeFiles/cmTC_4c601.dir/CheckFunctionExists.c.o -o cmTC_4c601  -lpthreads 
/home/waf13/anaconda3/envs/cugraph_dev/bin/../lib/gcc/x86_64-conda-linux-gnu/10.4.0/../../../../x86_64-conda-linux-gnu/bin/ld: cannot find -lpthreads: No such file or directory
collect2: error: ld returned 1 exit status
gmake[1]: *** [CMakeFiles/cmTC_4c601.dir/build.make:99: cmTC_4c601] Error 1
gmake[1]: Leaving directory '/data/home/alex/mst/cugraph/cpp/build/CMakeFiles/CMakeScratch/TryCompile-PfZFLL'
gmake: *** [Makefile:127: cmTC_4c601/fast] Error 2



